<?xml version="1.0" encoding="UTF-8"?>
<testsuite xmlns:xsi="http://www.w3.org/2001/XMLSchema-instance" xsi:noNamespaceSchemaLocation="https://maven.apache.org/surefire/maven-surefire-plugin/xsd/surefire-test-report.xsd" name="TestRunner.TestRunner" time="15.572" tests="4" errors="0" skipped="0" failures="0">
  <properties>
[...]
</properties>
  <testcase name="Given The user is in the login page" classname="Scenario: Work this in a jenkins in AWS" time="0.005"/>
  <testcase name="When The user enters the invalid credentials" classname="Scenario: Work this in a jenkins in AWS" time="0"/>
  <testcase name="Then The user should not be signed on" classname="Scenario: Work this in a jenkins in AWS" time="0"/>
  <testcase name="Scenario: Work this in a jenkins in AWS" classname="Scenario: Work this in a jenkins in AWS" time="0.001"/>
</testsuite>